Ready.


(mysql-workbench-bin:3810): GLib-GObject-WARNING **: attempting to add an interface (GtkTreeModel) to class (gtkmm__CustomObject_13GridViewModel) after class_init

(mysql-workbench-bin:3810): GLib-GObject-WARNING **: attempting to add an interface (GtkTreeDragDest) to class (gtkmm__CustomObject_13GridViewModel) after class_init

(mysql-workbench-bin:3810): GLib-GObject-WARNING **: attempting to add an interface (GtkTreeDragSource) to class (gtkmm__CustomObject_13GridViewModel) after class_init

(mysql-workbench-bin:3810): GLib-GObject-WARNING **: Attempt to add property gtkmm__CustomObject_14CustomRendererIN3Gtk16CellRendererSpinEN4Glib7ustringEiE::pixbuf after class was initialised

(mysql-workbench-bin:3810): GLib-GObject-WARNING **: Attempt to add property gtkmm__CustomObject_14CustomRendererIN3Gtk16CellRendererSpinEN4Glib7ustringEiE::text after class was initialised

(mysql-workbench-bin:3810): GLib-GObject-WARNING **: Attempt to add property gtkmm__CustomObject_14CustomRendererIN3Gtk16CellRendererSpinEN4Glib7ustringEiE::editable after class was initialised

(mysql-workbench-bin:3810): GLib-GObject-WARNING **: Attempt to add property gtkmm__CustomObject_14CustomRendererIN3Gtk16CellRendererTextEN4Glib7ustringES3_E::pixbuf after class was initialised

(mysql-workbench-bin:3810): GLib-GObject-WARNING **: Attempt to add property gtkmm__CustomObject_14CustomRendererIN3Gtk16CellRendererTextEN4Glib7ustringES3_E::text after class was initialised

(mysql-workbench-bin:3810): GLib-GObject-WARNING **: Attempt to add property gtkmm__CustomObject_14CustomRendererIN3Gtk16CellRendererTextEN4Glib7ustringES3_E::editable after class was initialised

(mysql-workbench-bin:3810): Gtk-CRITICAL **: gtk_tree_view_unref_tree_helper: assertion 'node != NULL' failed

(mysql-workbench-bin:3810): GLib-CRITICAL **: Source ID 2156 was not found when attempting to remove it

(mysql-workbench-bin:3810): Gtk-CRITICAL **: gtk_tree_view_unref_tree_helper: assertion 'node != NULL' failed

(mysql-workbench-bin:3810): Gtk-CRITICAL **: gtk_tree_view_unref_tree_helper: assertion 'node != NULL' failed

(mysql-workbench-bin:3810): Gtk-CRITICAL **: /build/gtk+2.0-3ongxb/gtk+2.0-2.24.23/gtk/gtktreeview.c:5030 (gtk_tree_view_bin_expose): assertion `has_next' failed.
There is a disparity between the internal view of the GtkTreeView,
and the GtkTreeModel.  This generally means that the model has changed
without letting the view know.  Any display from now on is likely to
be incorrect.


(mysql-workbench-bin:3810): Gtk-CRITICAL **: /build/gtk+2.0-3ongxb/gtk+2.0-2.24.23/gtk/gtktreeview.c:5030 (gtk_tree_view_bin_expose): assertion `has_next' failed.
There is a disparity between the internal view of the GtkTreeView,
and the GtkTreeModel.  This generally means that the model has changed
without letting the view know.  Any display from now on is likely to
be incorrect.


(mysql-workbench-bin:3810): Gtk-CRITICAL **: /build/gtk+2.0-3ongxb/gtk+2.0-2.24.23/gtk/gtktreeview.c:5030 (gtk_tree_view_bin_expose): assertion `has_next' failed.
There is a disparity between the internal view of the GtkTreeView,
and the GtkTreeModel.  This generally means that the model has changed
without letting the view know.  Any display from now on is likely to
be incorrect.


(mysql-workbench-bin:3810): Gtk-CRITICAL **: /build/gtk+2.0-3ongxb/gtk+2.0-2.24.23/gtk/gtktreeview.c:5030 (gtk_tree_view_bin_expose): assertion `has_next' failed.
There is a disparity between the internal view of the GtkTreeView,
and the GtkTreeModel.  This generally means that the model has changed
without letting the view know.  Any display from now on is likely to
be incorrect.


(mysql-workbench-bin:3810): Gtk-CRITICAL **: /build/gtk+2.0-3ongxb/gtk+2.0-2.24.23/gtk/gtktreeview.c:5030 (gtk_tree_view_bin_expose): assertion `has_next' failed.
There is a disparity between the internal view of the GtkTreeView,
and the GtkTreeModel.  This generally means that the model has changed
without letting the view know.  Any display from now on is likely to
be incorrect.


(mysql-workbench-bin:3810): GLib-GObject-CRITICAL **: g_object_set_property: assertion 'G_IS_VALUE (value)' failed

(mysql-workbench-bin:3810): GLib-GObject-CRITICAL **: g_value_unset: assertion 'G_IS_VALUE (value)' failed

(mysql-workbench-bin:3810): GLib-GObject-CRITICAL **: g_value_get_string: assertion 'G_VALUE_HOLDS_STRING (value)' failed

(mysql-workbench-bin:3810): GLib-GObject-CRITICAL **: g_value_unset: assertion 'G_IS_VALUE (value)' failed

(mysql-workbench-bin:3810): GLib-GObject-CRITICAL **: g_value_get_object: assertion 'G_VALUE_HOLDS_OBJECT (value)' failed

(mysql-workbench-bin:3810): GLib-GObject-CRITICAL **: g_value_unset: assertion 'G_IS_VALUE (value)' failed

(mysql-workbench-bin:3810): GLib-GObject-CRITICAL **: g_object_set_property: assertion 'G_IS_VALUE (value)' failed

(mysql-workbench-bin:3810): GLib-GObject-CRITICAL **: g_value_unset: assertion 'G_IS_VALUE (value)' failed

(mysql-workbench-bin:3810): GLib-GObject-CRITICAL **: g_value_get_string: assertion 'G_VALUE_HOLDS_STRING (value)' failed

(mysql-workbench-bin:3810): GLib-GObject-CRITICAL **: g_value_unset: assertion 'G_IS_VALUE (value)' failed

(mysql-workbench-bin:3810): GLib-GObject-CRITICAL **: g_value_get_object: assertion 'G_VALUE_HOLDS_OBJECT (value)' failed

(mysql-workbench-bin:3810): GLib-GObject-CRITICAL **: g_value_unset: assertion 'G_IS_VALUE (value)' failed

(mysql-workbench-bin:3810): GLib-GObject-CRITICAL **: g_object_set_property: assertion 'G_IS_VALUE (value)' failed

(mysql-workbench-bin:3810): GLib-GObject-CRITICAL **: g_value_unset: assertion 'G_IS_VALUE (value)' failed

(mysql-workbench-bin:3810): GLib-GObject-CRITICAL **: g_value_get_string: assertion 'G_VALUE_HOLDS_STRING (value)' failed

(mysql-workbench-bin:3810): GLib-GObject-CRITICAL **: g_value_unset: assertion 'G_IS_VALUE (value)' failed

(mysql-workbench-bin:3810): GLib-GObject-CRITICAL **: g_value_get_object: assertion 'G_VALUE_HOLDS_OBJECT (value)' failed

(mysql-workbench-bin:3810): GLib-GObject-CRITICAL **: g_value_unset: assertion 'G_IS_VALUE (value)' failed

(mysql-workbench-bin:3810): GLib-GObject-CRITICAL **: g_object_set_property: assertion 'G_IS_VALUE (value)' failed

(mysql-workbench-bin:3810): GLib-GObject-CRITICAL **: g_value_unset: assertion 'G_IS_VALUE (value)' failed

(mysql-workbench-bin:3810): GLib-GObject-CRITICAL **: g_value_get_string: assertion 'G_VALUE_HOLDS_STRING (value)' failed

(mysql-workbench-bin:3810): GLib-GObject-CRITICAL **: g_value_unset: assertion 'G_IS_VALUE (value)' failed

(mysql-workbench-bin:3810): GLib-GObject-CRITICAL **: g_value_get_object: assertion 'G_VALUE_HOLDS_OBJECT (value)' failed

(mysql-workbench-bin:3810): GLib-GObject-CRITICAL **: g_value_unset: assertion 'G_IS_VALUE (value)' failed

(mysql-workbench-bin:3810): GLib-GObject-CRITICAL **: g_object_set_property: assertion 'G_IS_VALUE (value)' failed

(mysql-workbench-bin:3810): GLib-GObject-CRITICAL **: g_value_unset: assertion 'G_IS_VALUE (value)' failed

(mysql-workbench-bin:3810): GLib-GObject-CRITICAL **: g_value_get_string: assertion 'G_VALUE_HOLDS_STRING (value)' failed

(mysql-workbench-bin:3810): GLib-GObject-CRITICAL **: g_value_unset: assertion 'G_IS_VALUE (value)' failed

(mysql-workbench-bin:3810): GLib-GObject-CRITICAL **: g_value_get_object: assertion 'G_VALUE_HOLDS_OBJECT (value)' failed

(mysql-workbench-bin:3810): GLib-GObject-CRITICAL **: g_value_unset: assertion 'G_IS_VALUE (value)' failed

(mysql-workbench-bin:3810): GLib-GObject-CRITICAL **: g_object_set_property: assertion 'G_IS_VALUE (value)' failed

(mysql-workbench-bin:3810): GLib-GObject-CRITICAL **: g_value_unset: assertion 'G_IS_VALUE (value)' failed

(mysql-workbench-bin:3810): GLib-GObject-CRITICAL **: g_value_get_string: assertion 'G_VALUE_HOLDS_STRING (value)' failed

(mysql-workbench-bin:3810): GLib-GObject-CRITICAL **: g_value_unset: assertion 'G_IS_VALUE (value)' failed

(mysql-workbench-bin:3810): GLib-GObject-CRITICAL **: g_value_get_object: assertion 'G_VALUE_HOLDS_OBJECT (value)' failed

(mysql-workbench-bin:3810): GLib-GObject-CRITICAL **: g_value_unset: assertion 'G_IS_VALUE (value)' failed

(mysql-workbench-bin:3810): GLib-GObject-CRITICAL **: g_object_set_property: assertion 'G_IS_VALUE (value)' failed

(mysql-workbench-bin:3810): GLib-GObject-CRITICAL **: g_value_unset: assertion 'G_IS_VALUE (value)' failed

(mysql-workbench-bin:3810): GLib-GObject-CRITICAL **: g_value_get_string: assertion 'G_VALUE_HOLDS_STRING (value)' failed

(mysql-workbench-bin:3810): GLib-GObject-CRITICAL **: g_value_unset: assertion 'G_IS_VALUE (value)' failed

(mysql-workbench-bin:3810): GLib-GObject-CRITICAL **: g_value_get_object: assertion 'G_VALUE_HOLDS_OBJECT (value)' failed

(mysql-workbench-bin:3810): GLib-GObject-CRITICAL **: g_value_unset: assertion 'G_IS_VALUE (value)' failed

(mysql-workbench-bin:3810): GLib-GObject-CRITICAL **: g_object_set_property: assertion 'G_IS_VALUE (value)' failed

(mysql-workbench-bin:3810): GLib-GObject-CRITICAL **: g_value_unset: assertion 'G_IS_VALUE (value)' failed

(mysql-workbench-bin:3810): GLib-GObject-CRITICAL **: g_value_get_string: assertion 'G_VALUE_HOLDS_STRING (value)' failed

(mysql-workbench-bin:3810): GLib-GObject-CRITICAL **: g_value_unset: assertion 'G_IS_VALUE (value)' failed

(mysql-workbench-bin:3810): GLib-GObject-CRITICAL **: g_value_get_object: assertion 'G_VALUE_HOLDS_OBJECT (value)' failed

(mysql-workbench-bin:3810): GLib-GObject-CRITICAL **: g_value_unset: assertion 'G_IS_VALUE (value)' failed

(mysql-workbench-bin:3810): GLib-GObject-CRITICAL **: g_object_set_property: assertion 'G_IS_VALUE (value)' failed

(mysql-workbench-bin:3810): GLib-GObject-CRITICAL **: g_value_unset: assertion 'G_IS_VALUE (value)' failed

(mysql-workbench-bin:3810): GLib-GObject-CRITICAL **: g_value_get_string: assertion 'G_VALUE_HOLDS_STRING (value)' failed

(mysql-workbench-bin:3810): GLib-GObject-CRITICAL **: g_value_unset: assertion 'G_IS_VALUE (value)' failed

(mysql-workbench-bin:3810): GLib-GObject-CRITICAL **: g_value_get_object: assertion 'G_VALUE_HOLDS_OBJECT (value)' failed

(mysql-workbench-bin:3810): GLib-GObject-CRITICAL **: g_value_unset: assertion 'G_IS_VALUE (value)' failed

(mysql-workbench-bin:3810): Gtk-CRITICAL **: /build/gtk+2.0-3ongxb/gtk+2.0-2.24.23/gtk/gtktreeview.c:5030 (gtk_tree_view_bin_expose): assertion `has_next' failed.
There is a disparity between the internal view of the GtkTreeView,
and the GtkTreeModel.  This generally means that the model has changed
without letting the view know.  Any display from now on is likely to
be incorrect.


(mysql-workbench-bin:3810): GLib-GObject-CRITICAL **: g_object_set_property: assertion 'G_IS_VALUE (value)' failed

(mysql-workbench-bin:3810): GLib-GObject-CRITICAL **: g_value_unset: assertion 'G_IS_VALUE (value)' failed

(mysql-workbench-bin:3810): GLib-GObject-CRITICAL **: g_value_get_string: assertion 'G_VALUE_HOLDS_STRING (value)' failed

(mysql-workbench-bin:3810): GLib-GObject-CRITICAL **: g_value_unset: assertion 'G_IS_VALUE (value)' failed

(mysql-workbench-bin:3810): GLib-GObject-CRITICAL **: g_value_get_object: assertion 'G_VALUE_HOLDS_OBJECT (value)' failed

(mysql-workbench-bin:3810): GLib-GObject-CRITICAL **: g_value_unset: assertion 'G_IS_VALUE (value)' failed

(mysql-workbench-bin:3810): GLib-GObject-CRITICAL **: g_object_set_property: assertion 'G_IS_VALUE (value)' failed

(mysql-workbench-bin:3810): GLib-GObject-CRITICAL **: g_value_unset: assertion 'G_IS_VALUE (value)' failed

(mysql-workbench-bin:3810): GLib-GObject-CRITICAL **: g_value_get_string: assertion 'G_VALUE_HOLDS_STRING (value)' failed

(mysql-workbench-bin:3810): GLib-GObject-CRITICAL **: g_value_unset: assertion 'G_IS_VALUE (value)' failed

(mysql-workbench-bin:3810): GLib-GObject-CRITICAL **: g_value_get_object: assertion 'G_VALUE_HOLDS_OBJECT (value)' failed

(mysql-workbench-bin:3810): GLib-GObject-CRITICAL **: g_value_unset: assertion 'G_IS_VALUE (value)' failed

(mysql-workbench-bin:3810): GLib-GObject-CRITICAL **: g_object_set_property: assertion 'G_IS_VALUE (value)' failed

(mysql-workbench-bin:3810): GLib-GObject-CRITICAL **: g_value_unset: assertion 'G_IS_VALUE (value)' failed

(mysql-workbench-bin:3810): GLib-GObject-CRITICAL **: g_value_get_string: assertion 'G_VALUE_HOLDS_STRING (value)' failed

(mysql-workbench-bin:3810): GLib-GObject-CRITICAL **: g_value_unset: assertion 'G_IS_VALUE (value)' failed

(mysql-workbench-bin:3810): GLib-GObject-CRITICAL **: g_value_get_object: assertion 'G_VALUE_HOLDS_OBJECT (value)' failed

(mysql-workbench-bin:3810): GLib-GObject-CRITICAL **: g_value_unset: assertion 'G_IS_VALUE (value)' failed

(mysql-workbench-bin:3810): GLib-GObject-CRITICAL **: g_object_set_property: assertion 'G_IS_VALUE (value)' failed

(mysql-workbench-bin:3810): GLib-GObject-CRITICAL **: g_value_unset: assertion 'G_IS_VALUE (value)' failed

(mysql-workbench-bin:3810): GLib-GObject-CRITICAL **: g_value_get_string: assertion 'G_VALUE_HOLDS_STRING (value)' failed

(mysql-workbench-bin:3810): GLib-GObject-CRITICAL **: g_value_unset: assertion 'G_IS_VALUE (value)' failed

(mysql-workbench-bin:3810): GLib-GObject-CRITICAL **: g_value_get_object: assertion 'G_VALUE_HOLDS_OBJECT (value)' failed

(mysql-workbench-bin:3810): GLib-GObject-CRITICAL **: g_value_unset: assertion 'G_IS_VALUE (value)' failed

(mysql-workbench-bin:3810): GLib-GObject-CRITICAL **: g_object_set_property: assertion 'G_IS_VALUE (value)' failed

(mysql-workbench-bin:3810): GLib-GObject-CRITICAL **: g_value_unset: assertion 'G_IS_VALUE (value)' failed

(mysql-workbench-bin:3810): GLib-GObject-CRITICAL **: g_value_get_string: assertion 'G_VALUE_HOLDS_STRING (value)' failed

(mysql-workbench-bin:3810): GLib-GObject-CRITICAL **: g_value_unset: assertion 'G_IS_VALUE (value)' failed

(mysql-workbench-bin:3810): GLib-GObject-CRITICAL **: g_value_get_object: assertion 'G_VALUE_HOLDS_OBJECT (value)' failed

(mysql-workbench-bin:3810): GLib-GObject-CRITICAL **: g_value_unset: assertion 'G_IS_VALUE (value)' failed

(mysql-workbench-bin:3810): Gtk-CRITICAL **: /build/gtk+2.0-3ongxb/gtk+2.0-2.24.23/gtk/gtktreeview.c:5030 (gtk_tree_view_bin_expose): assertion `has_next' failed.
There is a disparity between the internal view of the GtkTreeView,
and the GtkTreeModel.  This generally means that the model has changed
without letting the view know.  Any display from now on is likely to
be incorrect.


(mysql-workbench-bin:3810): GLib-GObject-CRITICAL **: g_object_set_property: assertion 'G_IS_VALUE (value)' failed

(mysql-workbench-bin:3810): GLib-GObject-CRITICAL **: g_value_unset: assertion 'G_IS_VALUE (value)' failed

(mysql-workbench-bin:3810): GLib-GObject-CRITICAL **: g_value_get_string: assertion 'G_VALUE_HOLDS_STRING (value)' failed

(mysql-workbench-bin:3810): GLib-GObject-CRITICAL **: g_value_unset: assertion 'G_IS_VALUE (value)' failed

(mysql-workbench-bin:3810): GLib-GObject-CRITICAL **: g_value_get_object: assertion 'G_VALUE_HOLDS_OBJECT (value)' failed

(mysql-workbench-bin:3810): GLib-GObject-CRITICAL **: g_value_unset: assertion 'G_IS_VALUE (value)' failed

(mysql-workbench-bin:3810): GLib-GObject-CRITICAL **: g_object_set_property: assertion 'G_IS_VALUE (value)' failed

(mysql-workbench-bin:3810): GLib-GObject-CRITICAL **: g_value_unset: assertion 'G_IS_VALUE (value)' failed

(mysql-workbench-bin:3810): GLib-GObject-CRITICAL **: g_value_get_string: assertion 'G_VALUE_HOLDS_STRING (value)' failed

(mysql-workbench-bin:3810): GLib-GObject-CRITICAL **: g_value_unset: assertion 'G_IS_VALUE (value)' failed

(mysql-workbench-bin:3810): GLib-GObject-CRITICAL **: g_value_get_object: assertion 'G_VALUE_HOLDS_OBJECT (value)' failed

(mysql-workbench-bin:3810): GLib-GObject-CRITICAL **: g_value_unset: assertion 'G_IS_VALUE (value)' failed

(mysql-workbench-bin:3810): GLib-GObject-CRITICAL **: g_object_set_property: assertion 'G_IS_VALUE (value)' failed

(mysql-workbench-bin:3810): GLib-GObject-CRITICAL **: g_value_unset: assertion 'G_IS_VALUE (value)' failed

(mysql-workbench-bin:3810): GLib-GObject-CRITICAL **: g_value_get_string: assertion 'G_VALUE_HOLDS_STRING (value)' failed

(mysql-workbench-bin:3810): GLib-GObject-CRITICAL **: g_value_unset: assertion 'G_IS_VALUE (value)' failed

(mysql-workbench-bin:3810): GLib-GObject-CRITICAL **: g_value_get_object: assertion 'G_VALUE_HOLDS_OBJECT (value)' failed

(mysql-workbench-bin:3810): GLib-GObject-CRITICAL **: g_value_unset: assertion 'G_IS_VALUE (value)' failed

(mysql-workbench-bin:3810): GLib-GObject-CRITICAL **: g_object_set_property: assertion 'G_IS_VALUE (value)' failed

(mysql-workbench-bin:3810): GLib-GObject-CRITICAL **: g_value_unset: assertion 'G_IS_VALUE (value)' failed

(mysql-workbench-bin:3810): GLib-GObject-CRITICAL **: g_value_get_string: assertion 'G_VALUE_HOLDS_STRING (value)' failed

(mysql-workbench-bin:3810): GLib-GObject-CRITICAL **: g_value_unset: assertion 'G_IS_VALUE (value)' failed

(mysql-workbench-bin:3810): GLib-GObject-CRITICAL **: g_value_get_object: assertion 'G_VALUE_HOLDS_OBJECT (value)' failed

(mysql-workbench-bin:3810): GLib-GObject-CRITICAL **: g_value_unset: assertion 'G_IS_VALUE (value)' failed

(mysql-workbench-bin:3810): GLib-GObject-CRITICAL **: g_object_set_property: assertion 'G_IS_VALUE (value)' failed

(mysql-workbench-bin:3810): GLib-GObject-CRITICAL **: g_value_unset: assertion 'G_IS_VALUE (value)' failed

(mysql-workbench-bin:3810): GLib-GObject-CRITICAL **: g_value_get_string: assertion 'G_VALUE_HOLDS_STRING (value)' failed

(mysql-workbench-bin:3810): GLib-GObject-CRITICAL **: g_value_unset: assertion 'G_IS_VALUE (value)' failed

(mysql-workbench-bin:3810): GLib-GObject-CRITICAL **: g_value_get_object: assertion 'G_VALUE_HOLDS_OBJECT (value)' failed

(mysql-workbench-bin:3810): GLib-GObject-CRITICAL **: g_value_unset: assertion 'G_IS_VALUE (value)' failed

(mysql-workbench-bin:3810): Gtk-CRITICAL **: /build/gtk+2.0-3ongxb/gtk+2.0-2.24.23/gtk/gtktreeview.c:5030 (gtk_tree_view_bin_expose): assertion `has_next' failed.
There is a disparity between the internal view of the GtkTreeView,
and the GtkTreeModel.  This generally means that the model has changed
without letting the view know.  Any display from now on is likely to
be incorrect.


(mysql-workbench-bin:3810): GLib-GObject-CRITICAL **: g_object_set_property: assertion 'G_IS_VALUE (value)' failed

(mysql-workbench-bin:3810): GLib-GObject-CRITICAL **: g_value_unset: assertion 'G_IS_VALUE (value)' failed

(mysql-workbench-bin:3810): GLib-GObject-CRITICAL **: g_value_get_string: assertion 'G_VALUE_HOLDS_STRING (value)' failed

(mysql-workbench-bin:3810): GLib-GObject-CRITICAL **: g_value_unset: assertion 'G_IS_VALUE (value)' failed

(mysql-workbench-bin:3810): GLib-GObject-CRITICAL **: g_value_get_object: assertion 'G_VALUE_HOLDS_OBJECT (value)' failed

(mysql-workbench-bin:3810): GLib-GObject-CRITICAL **: g_value_unset: assertion 'G_IS_VALUE (value)' failed

(mysql-workbench-bin:3810): GLib-GObject-CRITICAL **: g_object_set_property: assertion 'G_IS_VALUE (value)' failed

(mysql-workbench-bin:3810): GLib-GObject-CRITICAL **: g_value_unset: assertion 'G_IS_VALUE (value)' failed

(mysql-workbench-bin:3810): GLib-GObject-CRITICAL **: g_value_get_string: assertion 'G_VALUE_HOLDS_STRING (value)' failed

(mysql-workbench-bin:3810): GLib-GObject-CRITICAL **: g_value_unset: assertion 'G_IS_VALUE (value)' failed

(mysql-workbench-bin:3810): GLib-GObject-CRITICAL **: g_value_get_object: assertion 'G_VALUE_HOLDS_OBJECT (value)' failed

(mysql-workbench-bin:3810): GLib-GObject-CRITICAL **: g_value_unset: assertion 'G_IS_VALUE (value)' failed

(mysql-workbench-bin:3810): GLib-GObject-CRITICAL **: g_object_set_property: assertion 'G_IS_VALUE (value)' failed

(mysql-workbench-bin:3810): GLib-GObject-CRITICAL **: g_value_unset: assertion 'G_IS_VALUE (value)' failed

(mysql-workbench-bin:3810): GLib-GObject-CRITICAL **: g_value_get_string: assertion 'G_VALUE_HOLDS_STRING (value)' failed

(mysql-workbench-bin:3810): GLib-GObject-CRITICAL **: g_value_unset: assertion 'G_IS_VALUE (value)' failed

(mysql-workbench-bin:3810): GLib-GObject-CRITICAL **: g_value_get_object: assertion 'G_VALUE_HOLDS_OBJECT (value)' failed

(mysql-workbench-bin:3810): GLib-GObject-CRITICAL **: g_value_unset: assertion 'G_IS_VALUE (value)' failed

(mysql-workbench-bin:3810): GLib-GObject-CRITICAL **: g_object_set_property: assertion 'G_IS_VALUE (value)' failed

(mysql-workbench-bin:3810): GLib-GObject-CRITICAL **: g_value_unset: assertion 'G_IS_VALUE (value)' failed

(mysql-workbench-bin:3810): GLib-GObject-CRITICAL **: g_value_get_string: assertion 'G_VALUE_HOLDS_STRING (value)' failed

(mysql-workbench-bin:3810): GLib-GObject-CRITICAL **: g_value_unset: assertion 'G_IS_VALUE (value)' failed

(mysql-workbench-bin:3810): GLib-GObject-CRITICAL **: g_value_get_object: assertion 'G_VALUE_HOLDS_OBJECT (value)' failed

(mysql-workbench-bin:3810): GLib-GObject-CRITICAL **: g_value_unset: assertion 'G_IS_VALUE (value)' failed

(mysql-workbench-bin:3810): GLib-GObject-CRITICAL **: g_object_set_property: assertion 'G_IS_VALUE (value)' failed

(mysql-workbench-bin:3810): GLib-GObject-CRITICAL **: g_value_unset: assertion 'G_IS_VALUE (value)' failed

(mysql-workbench-bin:3810): GLib-GObject-CRITICAL **: g_value_get_string: assertion 'G_VALUE_HOLDS_STRING (value)' failed

(mysql-workbench-bin:3810): GLib-GObject-CRITICAL **: g_value_unset: assertion 'G_IS_VALUE (value)' failed

(mysql-workbench-bin:3810): GLib-GObject-CRITICAL **: g_value_get_object: assertion 'G_VALUE_HOLDS_OBJECT (value)' failed

(mysql-workbench-bin:3810): GLib-GObject-CRITICAL **: g_value_unset: assertion 'G_IS_VALUE (value)' failed

(mysql-workbench-bin:3810): Gtk-CRITICAL **: /build/gtk+2.0-3ongxb/gtk+2.0-2.24.23/gtk/gtktreeview.c:5030 (gtk_tree_view_bin_expose): assertion `has_next' failed.
There is a disparity between the internal view of the GtkTreeView,
and the GtkTreeModel.  This generally means that the model has changed
without letting the view know.  Any display from now on is likely to
be incorrect.


(mysql-workbench-bin:3810): GLib-GObject-CRITICAL **: g_object_set_property: assertion 'G_IS_VALUE (value)' failed

(mysql-workbench-bin:3810): GLib-GObject-CRITICAL **: g_value_unset: assertion 'G_IS_VALUE (value)' failed

(mysql-workbench-bin:3810): GLib-GObject-CRITICAL **: g_value_get_string: assertion 'G_VALUE_HOLDS_STRING (value)' failed

(mysql-workbench-bin:3810): GLib-GObject-CRITICAL **: g_value_unset: assertion 'G_IS_VALUE (value)' failed

(mysql-workbench-bin:3810): GLib-GObject-CRITICAL **: g_value_get_object: assertion 'G_VALUE_HOLDS_OBJECT (value)' failed

(mysql-workbench-bin:3810): GLib-GObject-CRITICAL **: g_value_unset: assertion 'G_IS_VALUE (value)' failed

(mysql-workbench-bin:3810): GLib-GObject-CRITICAL **: g_object_set_property: assertion 'G_IS_VALUE (value)' failed

(mysql-workbench-bin:3810): GLib-GObject-CRITICAL **: g_value_unset: assertion 'G_IS_VALUE (value)' failed

(mysql-workbench-bin:3810): GLib-GObject-CRITICAL **: g_value_get_string: assertion 'G_VALUE_HOLDS_STRING (value)' failed

(mysql-workbench-bin:3810): GLib-GObject-CRITICAL **: g_value_unset: assertion 'G_IS_VALUE (value)' failed

(mysql-workbench-bin:3810): GLib-GObject-CRITICAL **: g_value_get_object: assertion 'G_VALUE_HOLDS_OBJECT (value)' failed

(mysql-workbench-bin:3810): GLib-GObject-CRITICAL **: g_value_unset: assertion 'G_IS_VALUE (value)' failed

(mysql-workbench-bin:3810): GLib-GObject-CRITICAL **: g_object_set_property: assertion 'G_IS_VALUE (value)' failed

(mysql-workbench-bin:3810): GLib-GObject-CRITICAL **: g_value_unset: assertion 'G_IS_VALUE (value)' failed

(mysql-workbench-bin:3810): GLib-GObject-CRITICAL **: g_value_get_string: assertion 'G_VALUE_HOLDS_STRING (value)' failed

(mysql-workbench-bin:3810): GLib-GObject-CRITICAL **: g_value_unset: assertion 'G_IS_VALUE (value)' failed

(mysql-workbench-bin:3810): GLib-GObject-CRITICAL **: g_value_get_object: assertion 'G_VALUE_HOLDS_OBJECT (value)' failed

(mysql-workbench-bin:3810): GLib-GObject-CRITICAL **: g_value_unset: assertion 'G_IS_VALUE (value)' failed

(mysql-workbench-bin:3810): GLib-GObject-CRITICAL **: g_object_set_property: assertion 'G_IS_VALUE (value)' failed

(mysql-workbench-bin:3810): GLib-GObject-CRITICAL **: g_value_unset: assertion 'G_IS_VALUE (value)' failed

(mysql-workbench-bin:3810): GLib-GObject-CRITICAL **: g_value_get_string: assertion 'G_VALUE_HOLDS_STRING (value)' failed

(mysql-workbench-bin:3810): GLib-GObject-CRITICAL **: g_value_unset: assertion 'G_IS_VALUE (value)' failed

(mysql-workbench-bin:3810): GLib-GObject-CRITICAL **: g_value_get_object: assertion 'G_VALUE_HOLDS_OBJECT (value)' failed

(mysql-workbench-bin:3810): GLib-GObject-CRITICAL **: g_value_unset: assertion 'G_IS_VALUE (value)' failed

(mysql-workbench-bin:3810): GLib-GObject-CRITICAL **: g_object_set_property: assertion 'G_IS_VALUE (value)' failed

(mysql-workbench-bin:3810): GLib-GObject-CRITICAL **: g_value_unset: assertion 'G_IS_VALUE (value)' failed

(mysql-workbench-bin:3810): GLib-GObject-CRITICAL **: g_value_get_string: assertion 'G_VALUE_HOLDS_STRING (value)' failed

(mysql-workbench-bin:3810): GLib-GObject-CRITICAL **: g_value_unset: assertion 'G_IS_VALUE (value)' failed

(mysql-workbench-bin:3810): GLib-GObject-CRITICAL **: g_value_get_object: assertion 'G_VALUE_HOLDS_OBJECT (value)' failed

(mysql-workbench-bin:3810): GLib-GObject-CRITICAL **: g_value_unset: assertion 'G_IS_VALUE (value)' failed

(mysql-workbench-bin:3810): GLib-GObject-CRITICAL **: g_object_set_property: assertion 'G_IS_VALUE (value)' failed

(mysql-workbench-bin:3810): GLib-GObject-CRITICAL **: g_value_unset: assertion 'G_IS_VALUE (value)' failed

(mysql-workbench-bin:3810): GLib-GObject-CRITICAL **: g_value_get_string: assertion 'G_VALUE_HOLDS_STRING (value)' failed

(mysql-workbench-bin:3810): GLib-GObject-CRITICAL **: g_value_unset: assertion 'G_IS_VALUE (value)' failed

(mysql-workbench-bin:3810): GLib-GObject-CRITICAL **: g_value_get_object: assertion 'G_VALUE_HOLDS_OBJECT (value)' failed

(mysql-workbench-bin:3810): GLib-GObject-CRITICAL **: g_value_unset: assertion 'G_IS_VALUE (value)' failed

(mysql-workbench-bin:3810): GLib-GObject-CRITICAL **: g_object_set_property: assertion 'G_IS_VALUE (value)' failed

(mysql-workbench-bin:3810): GLib-GObject-CRITICAL **: g_value_unset: assertion 'G_IS_VALUE (value)' failed

(mysql-workbench-bin:3810): GLib-GObject-CRITICAL **: g_value_get_string: assertion 'G_VALUE_HOLDS_STRING (value)' failed

(mysql-workbench-bin:3810): GLib-GObject-CRITICAL **: g_value_unset: assertion 'G_IS_VALUE (value)' failed

(mysql-workbench-bin:3810): GLib-GObject-CRITICAL **: g_value_get_object: assertion 'G_VALUE_HOLDS_OBJECT (value)' failed

(mysql-workbench-bin:3810): GLib-GObject-CRITICAL **: g_value_unset: assertion 'G_IS_VALUE (value)' failed

(mysql-workbench-bin:3810): GLib-GObject-CRITICAL **: g_object_set_property: assertion 'G_IS_VALUE (value)' failed

(mysql-workbench-bin:3810): GLib-GObject-CRITICAL **: g_value_unset: assertion 'G_IS_VALUE (value)' failed

(mysql-workbench-bin:3810): GLib-GObject-CRITICAL **: g_value_get_string: assertion 'G_VALUE_HOLDS_STRING (value)' failed

(mysql-workbench-bin:3810): GLib-GObject-CRITICAL **: g_value_unset: assertion 'G_IS_VALUE (value)' failed

(mysql-workbench-bin:3810): GLib-GObject-CRITICAL **: g_value_get_object: assertion 'G_VALUE_HOLDS_OBJECT (value)' failed

(mysql-workbench-bin:3810): GLib-GObject-CRITICAL **: g_value_unset: assertion 'G_IS_VALUE (value)' failed

(mysql-workbench-bin:3810): GLib-GObject-CRITICAL **: g_object_set_property: assertion 'G_IS_VALUE (value)' failed

(mysql-workbench-bin:3810): GLib-GObject-CRITICAL **: g_value_unset: assertion 'G_IS_VALUE (value)' failed

(mysql-workbench-bin:3810): GLib-GObject-CRITICAL **: g_value_get_string: assertion 'G_VALUE_HOLDS_STRING (value)' failed

(mysql-workbench-bin:3810): GLib-GObject-CRITICAL **: g_value_unset: assertion 'G_IS_VALUE (value)' failed

(mysql-workbench-bin:3810): GLib-GObject-CRITICAL **: g_value_get_object: assertion 'G_VALUE_HOLDS_OBJECT (value)' failed

(mysql-workbench-bin:3810): GLib-GObject-CRITICAL **: g_value_unset: assertion 'G_IS_VALUE (value)' failed

(mysql-workbench-bin:3810): Gtk-CRITICAL **: /build/gtk+2.0-3ongxb/gtk+2.0-2.24.23/gtk/gtktreeview.c:5030 (gtk_tree_view_bin_expose): assertion `has_next' failed.
There is a disparity between the internal view of the GtkTreeView,
and the GtkTreeModel.  This generally means that the model has changed
without letting the view know.  Any display from now on is likely to
be incorrect.


(mysql-workbench-bin:3810): GLib-GObject-CRITICAL **: g_object_set_property: assertion 'G_IS_VALUE (value)' failed

(mysql-workbench-bin:3810): GLib-GObject-CRITICAL **: g_value_unset: assertion 'G_IS_VALUE (value)' failed

(mysql-workbench-bin:3810): GLib-GObject-CRITICAL **: g_value_get_string: assertion 'G_VALUE_HOLDS_STRING (value)' failed

(mysql-workbench-bin:3810): GLib-GObject-CRITICAL **: g_value_unset: assertion 'G_IS_VALUE (value)' failed

(mysql-workbench-bin:3810): GLib-GObject-CRITICAL **: g_value_get_object: assertion 'G_VALUE_HOLDS_OBJECT (value)' failed

(mysql-workbench-bin:3810): GLib-GObject-CRITICAL **: g_value_unset: assertion 'G_IS_VALUE (value)' failed

(mysql-workbench-bin:3810): GLib-GObject-CRITICAL **: g_object_set_property: assertion 'G_IS_VALUE (value)' failed

(mysql-workbench-bin:3810): GLib-GObject-CRITICAL **: g_value_unset: assertion 'G_IS_VALUE (value)' failed

(mysql-workbench-bin:3810): GLib-GObject-CRITICAL **: g_value_get_string: assertion 'G_VALUE_HOLDS_STRING (value)' failed

(mysql-workbench-bin:3810): GLib-GObject-CRITICAL **: g_value_unset: assertion 'G_IS_VALUE (value)' failed

(mysql-workbench-bin:3810): GLib-GObject-CRITICAL **: g_value_get_object: assertion 'G_VALUE_HOLDS_OBJECT (value)' failed

(mysql-workbench-bin:3810): GLib-GObject-CRITICAL **: g_value_unset: assertion 'G_IS_VALUE (value)' failed

(mysql-workbench-bin:3810): GLib-GObject-CRITICAL **: g_object_set_property: assertion 'G_IS_VALUE (value)' failed

(mysql-workbench-bin:3810): GLib-GObject-CRITICAL **: g_value_unset: assertion 'G_IS_VALUE (value)' failed

(mysql-workbench-bin:3810): GLib-GObject-CRITICAL **: g_value_get_string: assertion 'G_VALUE_HOLDS_STRING (value)' failed

(mysql-workbench-bin:3810): GLib-GObject-CRITICAL **: g_value_unset: assertion 'G_IS_VALUE (value)' failed

(mysql-workbench-bin:3810): GLib-GObject-CRITICAL **: g_value_get_object: assertion 'G_VALUE_HOLDS_OBJECT (value)' failed

(mysql-workbench-bin:3810): GLib-GObject-CRITICAL **: g_value_unset: assertion 'G_IS_VALUE (value)' failed

(mysql-workbench-bin:3810): GLib-GObject-CRITICAL **: g_object_set_property: assertion 'G_IS_VALUE (value)' failed

(mysql-workbench-bin:3810): GLib-GObject-CRITICAL **: g_value_unset: assertion 'G_IS_VALUE (value)' failed

(mysql-workbench-bin:3810): GLib-GObject-CRITICAL **: g_value_get_string: assertion 'G_VALUE_HOLDS_STRING (value)' failed

(mysql-workbench-bin:3810): GLib-GObject-CRITICAL **: g_value_unset: assertion 'G_IS_VALUE (value)' failed

(mysql-workbench-bin:3810): GLib-GObject-CRITICAL **: g_value_get_object: assertion 'G_VALUE_HOLDS_OBJECT (value)' failed

(mysql-workbench-bin:3810): GLib-GObject-CRITICAL **: g_value_unset: assertion 'G_IS_VALUE (value)' failed

(mysql-workbench-bin:3810): GLib-GObject-CRITICAL **: g_object_set_property: assertion 'G_IS_VALUE (value)' failed

(mysql-workbench-bin:3810): GLib-GObject-CRITICAL **: g_value_unset: assertion 'G_IS_VALUE (value)' failed

(mysql-workbench-bin:3810): GLib-GObject-CRITICAL **: g_value_get_string: assertion 'G_VALUE_HOLDS_STRING (value)' failed

(mysql-workbench-bin:3810): GLib-GObject-CRITICAL **: g_value_unset: assertion 'G_IS_VALUE (value)' failed

(mysql-workbench-bin:3810): GLib-GObject-CRITICAL **: g_value_get_object: assertion 'G_VALUE_HOLDS_OBJECT (value)' failed

(mysql-workbench-bin:3810): GLib-GObject-CRITICAL **: g_value_unset: assertion 'G_IS_VALUE (value)' failed

(mysql-workbench-bin:3810): Gtk-CRITICAL **: /build/gtk+2.0-3ongxb/gtk+2.0-2.24.23/gtk/gtktreeview.c:5030 (gtk_tree_view_bin_expose): assertion `has_next' failed.
There is a disparity between the internal view of the GtkTreeView,
and the GtkTreeModel.  This generally means that the model has changed
without letting the view know.  Any display from now on is likely to
be incorrect.


(mysql-workbench-bin:3810): GLib-GObject-CRITICAL **: g_object_set_property: assertion 'G_IS_VALUE (value)' failed

(mysql-workbench-bin:3810): GLib-GObject-CRITICAL **: g_value_unset: assertion 'G_IS_VALUE (value)' failed

(mysql-workbench-bin:3810): GLib-GObject-CRITICAL **: g_value_get_string: assertion 'G_VALUE_HOLDS_STRING (value)' failed

(mysql-workbench-bin:3810): GLib-GObject-CRITICAL **: g_value_unset: assertion 'G_IS_VALUE (value)' failed

(mysql-workbench-bin:3810): GLib-GObject-CRITICAL **: g_value_get_object: assertion 'G_VALUE_HOLDS_OBJECT (value)' failed

(mysql-workbench-bin:3810): GLib-GObject-CRITICAL **: g_value_unset: assertion 'G_IS_VALUE (value)' failed

(mysql-workbench-bin:3810): GLib-GObject-CRITICAL **: g_object_set_property: assertion 'G_IS_VALUE (value)' failed

(mysql-workbench-bin:3810): GLib-GObject-CRITICAL **: g_value_unset: assertion 'G_IS_VALUE (value)' failed

(mysql-workbench-bin:3810): GLib-GObject-CRITICAL **: g_value_get_string: assertion 'G_VALUE_HOLDS_STRING (value)' failed

(mysql-workbench-bin:3810): GLib-GObject-CRITICAL **: g_value_unset: assertion 'G_IS_VALUE (value)' failed

(mysql-workbench-bin:3810): GLib-GObject-CRITICAL **: g_value_get_object: assertion 'G_VALUE_HOLDS_OBJECT (value)' failed

(mysql-workbench-bin:3810): GLib-GObject-CRITICAL **: g_value_unset: assertion 'G_IS_VALUE (value)' failed

(mysql-workbench-bin:3810): GLib-GObject-CRITICAL **: g_object_set_property: assertion 'G_IS_VALUE (value)' failed

(mysql-workbench-bin:3810): GLib-GObject-CRITICAL **: g_value_unset: assertion 'G_IS_VALUE (value)' failed

(mysql-workbench-bin:3810): GLib-GObject-CRITICAL **: g_value_get_string: assertion 'G_VALUE_HOLDS_STRING (value)' failed

(mysql-workbench-bin:3810): GLib-GObject-CRITICAL **: g_value_unset: assertion 'G_IS_VALUE (value)' failed

(mysql-workbench-bin:3810): GLib-GObject-CRITICAL **: g_value_get_object: assertion 'G_VALUE_HOLDS_OBJECT (value)' failed

(mysql-workbench-bin:3810): GLib-GObject-CRITICAL **: g_value_unset: assertion 'G_IS_VALUE (value)' failed

(mysql-workbench-bin:3810): GLib-GObject-CRITICAL **: g_object_set_property: assertion 'G_IS_VALUE (value)' failed

(mysql-workbench-bin:3810): GLib-GObject-CRITICAL **: g_value_unset: assertion 'G_IS_VALUE (value)' failed

(mysql-workbench-bin:3810): GLib-GObject-CRITICAL **: g_value_get_string: assertion 'G_VALUE_HOLDS_STRING (value)' failed

(mysql-workbench-bin:3810): GLib-GObject-CRITICAL **: g_value_unset: assertion 'G_IS_VALUE (value)' failed

(mysql-workbench-bin:3810): GLib-GObject-CRITICAL **: g_value_get_object: assertion 'G_VALUE_HOLDS_OBJECT (value)' failed

(mysql-workbench-bin:3810): GLib-GObject-CRITICAL **: g_value_unset: assertion 'G_IS_VALUE (value)' failed

(mysql-workbench-bin:3810): GLib-GObject-CRITICAL **: g_object_set_property: assertion 'G_IS_VALUE (value)' failed

(mysql-workbench-bin:3810): GLib-GObject-CRITICAL **: g_value_unset: assertion 'G_IS_VALUE (value)' failed

(mysql-workbench-bin:3810): GLib-GObject-CRITICAL **: g_value_get_string: assertion 'G_VALUE_HOLDS_STRING (value)' failed

(mysql-workbench-bin:3810): GLib-GObject-CRITICAL **: g_value_unset: assertion 'G_IS_VALUE (value)' failed

(mysql-workbench-bin:3810): GLib-GObject-CRITICAL **: g_value_get_object: assertion 'G_VALUE_HOLDS_OBJECT (value)' failed

(mysql-workbench-bin:3810): GLib-GObject-CRITICAL **: g_value_unset: assertion 'G_IS_VALUE (value)' failed

(mysql-workbench-bin:3810): Gtk-CRITICAL **: /build/gtk+2.0-3ongxb/gtk+2.0-2.24.23/gtk/gtktreeview.c:5030 (gtk_tree_view_bin_expose): assertion `has_next' failed.
There is a disparity between the internal view of the GtkTreeView,
and the GtkTreeModel.  This generally means that the model has changed
without letting the view know.  Any display from now on is likely to
be incorrect.


(mysql-workbench-bin:3810): Gtk-CRITICAL **: /build/gtk+2.0-3ongxb/gtk+2.0-2.24.23/gtk/gtktreeview.c:5030 (gtk_tree_view_bin_expose): assertion `has_next' failed.
There is a disparity between the internal view of the GtkTreeView,
and the GtkTreeModel.  This generally means that the model has changed
without letting the view know.  Any display from now on is likely to
be incorrect.


(mysql-workbench-bin:3810): Gtk-CRITICAL **: gtk_tree_view_unref_tree_helper: assertion 'node != NULL' failed

(mysql-workbench-bin:3810): GLib-CRITICAL **: Source ID 2254 was not found when attempting to remove it
Ready.


(mysql-workbench-bin:3335): GLib-GObject-WARNING **: attempting to add an interface (GtkTreeModel) to class (gtkmm__CustomObject_13GridViewModel) after class_init

(mysql-workbench-bin:3335): GLib-GObject-WARNING **: attempting to add an interface (GtkTreeDragDest) to class (gtkmm__CustomObject_13GridViewModel) after class_init

(mysql-workbench-bin:3335): GLib-GObject-WARNING **: attempting to add an interface (GtkTreeDragSource) to class (gtkmm__CustomObject_13GridViewModel) after class_init

(mysql-workbench-bin:3335): GLib-GObject-WARNING **: Attempt to add property gtkmm__CustomObject_14CustomRendererIN3Gtk16CellRendererSpinEN4Glib7ustringEiE::pixbuf after class was initialised

(mysql-workbench-bin:3335): GLib-GObject-WARNING **: Attempt to add property gtkmm__CustomObject_14CustomRendererIN3Gtk16CellRendererSpinEN4Glib7ustringEiE::text after class was initialised

(mysql-workbench-bin:3335): GLib-GObject-WARNING **: Attempt to add property gtkmm__CustomObject_14CustomRendererIN3Gtk16CellRendererSpinEN4Glib7ustringEiE::editable after class was initialised

(mysql-workbench-bin:3335): GLib-GObject-WARNING **: Attempt to add property gtkmm__CustomObject_14CustomRendererIN3Gtk16CellRendererTextEN4Glib7ustringES3_E::pixbuf after class was initialised

(mysql-workbench-bin:3335): GLib-GObject-WARNING **: Attempt to add property gtkmm__CustomObject_14CustomRendererIN3Gtk16CellRendererTextEN4Glib7ustringES3_E::text after class was initialised

(mysql-workbench-bin:3335): GLib-GObject-WARNING **: Attempt to add property gtkmm__CustomObject_14CustomRendererIN3Gtk16CellRendererTextEN4Glib7ustringES3_E::editable after class was initialised

(mysql-workbench-bin:3335): GLib-CRITICAL **: Source ID 736 was not found when attempting to remove it

(mysql-workbench-bin:3335): Gtk-CRITICAL **: gtk_tree_view_unref_tree_helper: assertion 'node != NULL' failed
Ready.


(mysql-workbench-bin:3335): Gtk-CRITICAL **: gtk_tree_view_unref_tree_helper: assertion 'node != NULL' failed

(mysql-workbench-bin:3335): Gtk-CRITICAL **: gtk_tree_view_unref_tree_helper: assertion 'node != NULL' failed

(mysql-workbench-bin:3335): Gtk-CRITICAL **: gtk_tree_view_unref_tree_helper: assertion 'node != NULL' failed

(mysql-workbench-bin:3335): Gtk-CRITICAL **: gtk_tree_view_unref_tree_helper: assertion 'node != NULL' failed

(mysql-workbench-bin:3335): Gtk-CRITICAL **: gtk_tree_view_unref_tree_helper: assertion 'node != NULL' failed

(mysql-workbench-bin:3335): Gtk-CRITICAL **: gtk_tree_view_unref_tree_helper: assertion 'node != NULL' failed

(mysql-workbench-bin:3335): Gtk-CRITICAL **: gtk_tree_view_unref_tree_helper: assertion 'node != NULL' failed

(mysql-workbench-bin:3335): GLib-CRITICAL **: Source ID 788 was not found when attempting to remove it

(mysql-workbench-bin:3335): GLib-CRITICAL **: Source ID 11549 was not found when attempting to remove it

(mysql-workbench-bin:3335): Gtk-CRITICAL **: gtk_tree_view_unref_tree_helper: assertion 'node != NULL' failed

(mysql-workbench-bin:3335): Gtk-CRITICAL **: gtk_tree_view_unref_tree_helper: assertion 'node != NULL' failed

(mysql-workbench-bin:3335): Gtk-CRITICAL **: gtk_tree_view_unref_tree_helper: assertion 'node != NULL' failed

(mysql-workbench-bin:3335): GLib-CRITICAL **: Source ID 11627 was not found when attempting to remove it
